build/app/intermediates/manifest_merge_blame_file/release/manifest-merger-blame-release-report.txt
1<?xml version="1.0" encoding="utf-8"?>
2<manifest xmlns:android="http://schemas.android.com/apk/res/android"
3    package="com.example.learning"
4    android:versionCode="1"
5    android:versionName="1.0.0" >
6
7    <uses-sdk
8        android:minSdkVersion="21"
8-->src/main/AndroidManifest.xml
9        android:targetSdkVersion="34" />
9-->src/main/AndroidManifest.xml
10    <!--
11         Required to query activities that can process text, see:
12         https://developer.android.com/training/package-visibility and
13         https://developer.android.com/reference/android/content/Intent#ACTION_PROCESS_TEXT.
14
15         In particular, this is used by the Flutter engine in io.flutter.plugin.text.ProcessTextPlugin.
16    -->
17    <queries>
17-->src/main/AndroidManifest.xml:39:5-44:15
18        <intent>
18-->src/main/AndroidManifest.xml:40:9-43:18
19            <action android:name="android.intent.action.PROCESS_TEXT" />
19-->src/main/AndroidManifest.xml:41:13-72
19-->src/main/AndroidManifest.xml:41:21-70
20
21            <data android:mimeType="text/plain" />
21-->src/main/AndroidManifest.xml:42:13-50
21-->src/main/AndroidManifest.xml:42:19-48
22        </intent>
23    </queries>
24
25    <uses-permission android:name="android.permission.USE_BIOMETRIC" />
25-->src/main/AndroidManifest.xml:45:5-72
25-->src/main/AndroidManifest.xml:45:22-69
26    <uses-permission android:name="android.permission.USE_FINGERPRINT" />
26-->src/main/AndroidManifest.xml:46:5-74
26-->src/main/AndroidManifest.xml:46:22-71
27
28    <!-- Although the *SdkVersion is captured in gradle build files, this is required for non gradle builds -->
29    <!-- <uses-sdk android:minSdkVersion="21"/> -->
30    <uses-permission android:name="android.permission.ACCESS_NETWORK_STATE" />
30-->[com.google.firebase:firebase-database:21.0.0] AndroidManifest.xml:22:5-79
30-->[com.google.firebase:firebase-database:21.0.0] AndroidManifest.xml:22:22-76
31    <uses-permission android:name="android.permission.INTERNET" />
31-->[com.google.firebase:firebase-database:21.0.0] AndroidManifest.xml:23:5-67
31-->[com.google.firebase:firebase-database:21.0.0] AndroidManifest.xml:23:22-64
32
33    <permission
33-->[androidx.core:core:1.10.1] AndroidManifest.xml:22:5-24:47
34        android:name="com.example.learning.DYNAMIC_RECEIVER_NOT_EXPORTED_PERMISSION"
34-->[androidx.core:core:1.10.1] AndroidManifest.xml:23:9-81
35        android:protectionLevel="signature" />
35-->[androidx.core:core:1.10.1] AndroidManifest.xml:24:9-44
36
37    <uses-permission android:name="com.example.learning.DYNAMIC_RECEIVER_NOT_EXPORTED_PERMISSION" />
37-->[androidx.core:core:1.10.1] AndroidManifest.xml:26:5-97
37-->[androidx.core:core:1.10.1] AndroidManifest.xml:26:22-94
38
39    <application
40        android:name="android.app.Application"
40-->src/main/AndroidManifest.xml:4:9-42
41        android:appComponentFactory="androidx.core.app.CoreComponentFactory"
41-->[androidx.core:core:1.10.1] AndroidManifest.xml:28:18-86
42        android:icon="@mipmap/ic_launcher"
42-->src/main/AndroidManifest.xml:5:9-43
43        android:label="learning" >
43-->src/main/AndroidManifest.xml:3:9-33
44        <activity
44-->src/main/AndroidManifest.xml:6:9-27:20
45            android:name="com.example.learning.MainActivity"
45-->src/main/AndroidManifest.xml:7:13-41
46            android:configChanges="orientation|keyboardHidden|keyboard|screenSize|smallestScreenSize|locale|layoutDirection|fontScale|screenLayout|density|uiMode"
46-->src/main/AndroidManifest.xml:12:13-163
47            android:exported="true"
47-->src/main/AndroidManifest.xml:8:13-36
48            android:hardwareAccelerated="true"
48-->src/main/AndroidManifest.xml:13:13-47
49            android:launchMode="singleTop"
49-->src/main/AndroidManifest.xml:9:13-43
50            android:taskAffinity=""
50-->src/main/AndroidManifest.xml:10:13-36
51            android:theme="@style/LaunchTheme"
51-->src/main/AndroidManifest.xml:11:13-47
52            android:windowSoftInputMode="adjustResize" >
52-->src/main/AndroidManifest.xml:14:13-55
53
54            <!--
55                 Specifies an Android theme to apply to this Activity as soon as
56                 the Android process has started. This theme is visible to the user
57                 while the Flutter UI initializes. After that, this theme continues
58                 to determine the Window background behind the Flutter UI.
59            -->
60            <meta-data
60-->src/main/AndroidManifest.xml:19:13-22:17
61                android:name="io.flutter.embedding.android.NormalTheme"
61-->src/main/AndroidManifest.xml:20:15-70
62                android:resource="@style/NormalTheme" />
62-->src/main/AndroidManifest.xml:21:15-52
63
64            <intent-filter>
64-->src/main/AndroidManifest.xml:23:13-26:29
65                <action android:name="android.intent.action.MAIN" />
65-->src/main/AndroidManifest.xml:24:17-68
65-->src/main/AndroidManifest.xml:24:25-66
66
67                <category android:name="android.intent.category.LAUNCHER" />
67-->src/main/AndroidManifest.xml:25:17-76
67-->src/main/AndroidManifest.xml:25:27-74
68            </intent-filter>
69        </activity>
70        <!--
71             Don't delete the meta-data below.
72             This is used by the Flutter tool to generate GeneratedPluginRegistrant.java
73        -->
74        <meta-data
74-->src/main/AndroidManifest.xml:30:9-32:33
75            android:name="flutterEmbedding"
75-->src/main/AndroidManifest.xml:31:13-44
76            android:value="2" />
76-->src/main/AndroidManifest.xml:32:13-30
77
78        <service
78-->[:firebase_database] AndroidManifest.xml:10:9-14:19
79            android:name="com.google.firebase.components.ComponentDiscoveryService"
79-->[:firebase_database] AndroidManifest.xml:10:18-89
80            android:directBootAware="true"
80-->[com.google.firebase:firebase-common:21.0.0] AndroidManifest.xml:32:13-43
81            android:exported="false" >
81-->[com.google.firebase:firebase-database:21.0.0] AndroidManifest.xml:28:13-37
82            <meta-data
82-->[:firebase_database] AndroidManifest.xml:11:13-13:85
83                android:name="com.google.firebase.components:io.flutter.plugins.firebase.database.FlutterFirebaseAppRegistrar"
83-->[:firebase_database] AndroidManifest.xml:12:17-127
84                android:value="com.google.firebase.components.ComponentRegistrar" />
84-->[:firebase_database] AndroidManifest.xml:13:17-82
85            <meta-data
85-->[:firebase_core] AndroidManifest.xml:11:13-13:85
86                android:name="com.google.firebase.components:io.flutter.plugins.firebase.core.FlutterFirebaseCoreRegistrar"
86-->[:firebase_core] AndroidManifest.xml:12:17-124
87                android:value="com.google.firebase.components.ComponentRegistrar" />
87-->[:firebase_core] AndroidManifest.xml:13:17-82
88            <meta-data
88-->[com.google.firebase:firebase-database:21.0.0] AndroidManifest.xml:29:13-31:85
89                android:name="com.google.firebase.components:com.google.firebase.database.FirebaseDatabaseKtxRegistrar"
89-->[com.google.firebase:firebase-database:21.0.0] AndroidManifest.xml:30:17-120
90                android:value="com.google.firebase.components.ComponentRegistrar" />
90-->[com.google.firebase:firebase-database:21.0.0] AndroidManifest.xml:31:17-82
91            <meta-data
91-->[com.google.firebase:firebase-database:21.0.0] AndroidManifest.xml:32:13-34:85
92                android:name="com.google.firebase.components:com.google.firebase.database.DatabaseRegistrar"
92-->[com.google.firebase:firebase-database:21.0.0] AndroidManifest.xml:33:17-109
93                android:value="com.google.firebase.components.ComponentRegistrar" />
93-->[com.google.firebase:firebase-database:21.0.0] AndroidManifest.xml:34:17-82
94            <meta-data
94-->[com.google.firebase:firebase-common-ktx:21.0.0] AndroidManifest.xml:12:13-14:85
95                android:name="com.google.firebase.components:com.google.firebase.ktx.FirebaseCommonLegacyRegistrar"
95-->[com.google.firebase:firebase-common-ktx:21.0.0] AndroidManifest.xml:13:17-116
96                android:value="com.google.firebase.components.ComponentRegistrar" />
96-->[com.google.firebase:firebase-common-ktx:21.0.0] AndroidManifest.xml:14:17-82
97            <meta-data
97-->[com.google.firebase:firebase-common:21.0.0] AndroidManifest.xml:35:13-37:85
98                android:name="com.google.firebase.components:com.google.firebase.FirebaseCommonKtxRegistrar"
98-->[com.google.firebase:firebase-common:21.0.0] AndroidManifest.xml:36:17-109
99                android:value="com.google.firebase.components.ComponentRegistrar" />
99-->[com.google.firebase:firebase-common:21.0.0] AndroidManifest.xml:37:17-82
100        </service>
101
102        <provider
102-->[com.google.firebase:firebase-common:21.0.0] AndroidManifest.xml:23:9-28:39
103            android:name="com.google.firebase.provider.FirebaseInitProvider"
103-->[com.google.firebase:firebase-common:21.0.0] AndroidManifest.xml:24:13-77
104            android:authorities="com.example.learning.firebaseinitprovider"
104-->[com.google.firebase:firebase-common:21.0.0] AndroidManifest.xml:25:13-72
105            android:directBootAware="true"
105-->[com.google.firebase:firebase-common:21.0.0] AndroidManifest.xml:26:13-43
106            android:exported="false"
106-->[com.google.firebase:firebase-common:21.0.0] AndroidManifest.xml:27:13-37
107            android:initOrder="100" />
107-->[com.google.firebase:firebase-common:21.0.0] AndroidManifest.xml:28:13-36
108
109        <activity
109-->[com.google.android.gms:play-services-base:18.1.0] AndroidManifest.xml:20:9-22:45
110            android:name="com.google.android.gms.common.api.GoogleApiActivity"
110-->[com.google.android.gms:play-services-base:18.1.0] AndroidManifest.xml:20:19-85
111            android:exported="false"
111-->[com.google.android.gms:play-services-base:18.1.0] AndroidManifest.xml:22:19-43
112            android:theme="@android:style/Theme.Translucent.NoTitleBar" />
112-->[com.google.android.gms:play-services-base:18.1.0] AndroidManifest.xml:21:19-78
113
114        <meta-data
114-->[com.google.android.gms:play-services-basement:18.3.0] AndroidManifest.xml:21:9-23:69
115            android:name="com.google.android.gms.version"
115-->[com.google.android.gms:play-services-basement:18.3.0] AndroidManifest.xml:22:13-58
116            android:value="@integer/google_play_services_version" />
116-->[com.google.android.gms:play-services-basement:18.3.0] AndroidManifest.xml:23:13-66
117
118        <uses-library
118-->[androidx.window:window:1.0.0-beta04] AndroidManifest.xml:25:9-27:40
119            android:name="androidx.window.extensions"
119-->[androidx.window:window:1.0.0-beta04] AndroidManifest.xml:26:13-54
120            android:required="false" />
120-->[androidx.window:window:1.0.0-beta04] AndroidManifest.xml:27:13-37
121        <uses-library
121-->[androidx.window:window:1.0.0-beta04] AndroidManifest.xml:28:9-30:40
122            android:name="androidx.window.sidecar"
122-->[androidx.window:window:1.0.0-beta04] AndroidManifest.xml:29:13-51
123            android:required="false" />
123-->[androidx.window:window:1.0.0-beta04] AndroidManifest.xml:30:13-37
124
125        <provider
125-->[androidx.profileinstaller:profileinstaller:1.3.0] AndroidManifest.xml:24:9-32:20
126            android:name="androidx.startup.InitializationProvider"
126-->[androidx.profileinstaller:profileinstaller:1.3.0] AndroidManifest.xml:25:13-67
127            android:authorities="com.example.learning.androidx-startup"
127-->[androidx.profileinstaller:profileinstaller:1.3.0] AndroidManifest.xml:26:13-68
128            android:exported="false" >
128-->[androidx.profileinstaller:profileinstaller:1.3.0] AndroidManifest.xml:27:13-37
129            <meta-data
129-->[androidx.profileinstaller:profileinstaller:1.3.0] AndroidManifest.xml:29:13-31:52
130                android:name="androidx.profileinstaller.ProfileInstallerInitializer"
130-->[androidx.profileinstaller:profileinstaller:1.3.0] AndroidManifest.xml:30:17-85
131                android:value="androidx.startup" />
131-->[androidx.profileinstaller:profileinstaller:1.3.0] AndroidManifest.xml:31:17-49
132        </provider>
133
134        <receiver
134-->[androidx.profileinstaller:profileinstaller:1.3.0] AndroidManifest.xml:34:9-52:20
135            android:name="androidx.profileinstaller.ProfileInstallReceiver"
135-->[androidx.profileinstaller:profileinstaller:1.3.0] AndroidManifest.xml:35:13-76
136            android:directBootAware="false"
136-->[androidx.profileinstaller:profileinstaller:1.3.0] AndroidManifest.xml:36:13-44
137            android:enabled="true"
137-->[androidx.profileinstaller:profileinstaller:1.3.0] AndroidManifest.xml:37:13-35
138            android:exported="true"
138-->[androidx.profileinstaller:profileinstaller:1.3.0] AndroidManifest.xml:38:13-36
139            android:permission="android.permission.DUMP" >
139-->[androidx.profileinstaller:profileinstaller:1.3.0] AndroidManifest.xml:39:13-57
140            <intent-filter>
140-->[androidx.profileinstaller:profileinstaller:1.3.0] AndroidManifest.xml:40:13-42:29
141                <action android:name="androidx.profileinstaller.action.INSTALL_PROFILE" />
141-->[androidx.profileinstaller:profileinstaller:1.3.0] AndroidManifest.xml:41:17-91
141-->[androidx.profileinstaller:profileinstaller:1.3.0] AndroidManifest.xml:41:25-88
142            </intent-filter>
143            <intent-filter>
143-->[androidx.profileinstaller:profileinstaller:1.3.0] AndroidManifest.xml:43:13-45:29
144                <action android:name="androidx.profileinstaller.action.SKIP_FILE" />
144-->[androidx.profileinstaller:profileinstaller:1.3.0] AndroidManifest.xml:44:17-85
144-->[androidx.profileinstaller:profileinstaller:1.3.0] AndroidManifest.xml:44:25-82
145            </intent-filter>
146            <intent-filter>
146-->[androidx.profileinstaller:profileinstaller:1.3.0] AndroidManifest.xml:46:13-48:29
147                <action android:name="androidx.profileinstaller.action.SAVE_PROFILE" />
147-->[androidx.profileinstaller:profileinstaller:1.3.0] AndroidManifest.xml:47:17-88
147-->[androidx.profileinstaller:profileinstaller:1.3.0] AndroidManifest.xml:47:25-85
148            </intent-filter>
149            <intent-filter>
149-->[androidx.profileinstaller:profileinstaller:1.3.0] AndroidManifest.xml:49:13-51:29
150                <action android:name="androidx.profileinstaller.action.BENCHMARK_OPERATION" />
150-->[androidx.profileinstaller:profileinstaller:1.3.0] AndroidManifest.xml:50:17-95
150-->[androidx.profileinstaller:profileinstaller:1.3.0] AndroidManifest.xml:50:25-92
151            </intent-filter>
152        </receiver>
153    </application>
154
155</manifest>